ERROR: LoadError: LoadError: SystemError: opening file "/gpfs/home/hchanglani/TEBDdrive/SQUARE/swapFunction.jl": No such file or directory
Stacktrace:
  [1] systemerror(p::String, errno::Int32; extrainfo::Nothing)
    @ Base ./error.jl:168
  [2] #systemerror#62
    @ ./error.jl:167 [inlined]
  [3] systemerror
    @ ./error.jl:167 [inlined]
  [4] open(fname::String; lock::Bool, read::Nothing, write::Nothing, create::Nothing, truncate::Nothing, append::Nothing)
    @ Base ./iostream.jl:293
  [5] open
    @ ./iostream.jl:282 [inlined]
  [6] open(f::Base.var"#326#327"{String}, args::String; kwargs::Base.Iterators.Pairs{Union{}, Union{}, Tuple{}, NamedTuple{(), Tuple{}}})
    @ Base ./io.jl:328
  [7] open
    @ ./io.jl:328 [inlined]
  [8] read
    @ ./io.jl:434 [inlined]
  [9] _include(mapexpr::Function, mod::Module, _path::String)
    @ Base ./loading.jl:1144
 [10] include(fname::String)
    @ Base.MainInclude ./client.jl:444
 [11] top-level scope
    @ ~/TEBDdrive/SQUARE/Bhaskarian_gates_OBC.jl:13
 [12] include(fname::String)
    @ Base.MainInclude ./client.jl:444
 [13] top-level scope
    @ ~/TEBDdrive/SQUARE/COMMENT_OUT_PUSH_square_beta_tebd.jl:7
in expression starting at /gpfs/home/hchanglani/TEBDdrive/SQUARE/Bhaskarian_gates_OBC.jl:13
in expression starting at /gpfs/home/hchanglani/TEBDdrive/SQUARE/COMMENT_OUT_PUSH_square_beta_tebd.jl:7
